<?xml version="1.0" encoding="UTF-8"?>
<testsuite xmlns:xsi="http://www.w3.org/2001/XMLSchema-instance" xsi:noNamespaceSchemaLocation="https://maven.apache.org/surefire/maven-surefire-plugin/xsd/surefire-test-report.xsd" name="HMTest" time="0.014" tests="11" errors="0" skipped="0" failures="0">
  <properties>
[...]
</properties>
  <testcase name="ContainsTest" classname="HMTest" time="0.007"/>
  <testcase name="iteratorTest" classname="HMTest" time="0.001"/>
  <testcase name="SizeTest" classname="HMTest" time="0"/>
  <testcase name="PutSameKeyTest" classname="HMTest" time="0.001"/>
  <testcase name="ConstructorTest" classname="HMTest" time="0"/>
  <testcase name="IsEmptyTest" classname="HMTest" time="0"/>
  <testcase name="PutTest" classname="HMTest" time="0"/>
  <testcase name="NextTest" classname="HMTest" time="0"/>
  <testcase name="GetTest" classname="HMTest" time="0.001"/>
  <testcase name="HasNextTest" classname="HMTest" time="0"/>
  <testcase name="ReplaceTest" classname="HMTest" time="0"/>
</testsuite>