<?xml version="1.0" encoding="UTF-8"?>
<testsuite xmlns:xsi="http://www.w3.org/2001/XMLSchema-instance" xsi:noNamespaceSchemaLocation="https://maven.apache.org/surefire/maven-surefire-plugin/xsd/surefire-test-report.xsd" name="GQTest" time="0.021" tests="22" errors="0" skipped="0" failures="0">
  <properties>
[...]
</properties>
  <testcase name="nextIteratorIteratorTest" classname="GQTest" time="0"/>
  <testcase name="hasNextIteratorTest" classname="GQTest" time="0"/>
  <testcase name="printTest" classname="GQTest" time="0.001"/>
  <testcase name="DescendingIteratorTest" classname="GQTest" time="0"/>
  <testcase name="addTest2" classname="GQTest" time="0"/>
  <testcase name="addTest" classname="GQTest" time="0"/>
  <testcase name="nextTestDescendingIterator" classname="GQTest" time="0"/>
  <testcase name="SetTest" classname="GQTest" time="0"/>
  <testcase name="hasNextDescendingIteratorTest" classname="GQTest" time="0"/>
  <testcase name="iteratorTest{int}[1]" classname="GQTest" time="0.009"/>
  <testcase name="iteratorTest{int}[2]" classname="GQTest" time="0"/>
  <testcase name="iteratorTest{int}[3]" classname="GQTest" time="0"/>
  <testcase name="dequeueTest" classname="GQTest" time="0"/>
  <testcase name="dequeueTest2" classname="GQTest" time="0.001"/>
  <testcase name="dequeueTest3" classname="GQTest" time="0"/>
  <testcase name="DumpListTest" classname="GQTest" time="0"/>
  <testcase name="enqueueTest" classname="GQTest" time="0"/>
  <testcase name="ConstructorTest" classname="GQTest" time="0.001"/>
  <testcase name="GetTest" classname="GQTest" time="0"/>
  <testcase name="deleteTest" classname="GQTest" time="0"/>
  <testcase name="enqueueTest2" classname="GQTest" time="0"/>
  <testcase name="enqueueTest3" classname="GQTest" time="0"/>
</testsuite>